================================================
🔄 FlatScout API-to-Netlify Pipeline - 2026-03-12 11:25:19
🔍 Consultando API y generando mapa...
📥 Consultando flatscout-scraper-api para obtener listings...
❌ Error consultando el scraper: spawnSync /bin/sh ENOBUFS
================================================
🔄 FlatScout API-to-Netlify Pipeline - 2026-03-12 11:28:51
📥 Consultando Scraper API...
🗺️  Generando mapa...
📥 Leyendo datos del scraper desde archivo temporal...
✅ Mapa generado con 50 listings.
🚀 Desplegando en Netlify...
{
  "site_id": "6dded4e4-354a-4210-aea7-a45624d6b359",
  "site_name": "myflatscout",
  "deploy_id": "69b29567420b02c7763b51ec",
  "deploy_url": "https://69b29567420b02c7763b51ec--myflatscout.netlify.app",
  "logs": "https://app.netlify.com/projects/myflatscout/deploys/69b29567420b02c7763b51ec",
  "function_logs": "https://app.netlify.com/projects/myflatscout/logs/functions",
  "edge_function_logs": "https://app.netlify.com/projects/myflatscout/logs/edge-functions",
  "url": "https://myflatscout.netlify.app"
}✅ Deploy exitoso!
   URL: https://myflatscout.netlify.app/apartments_map.html
================================================
================================================
🔄 FlatScout API-to-Netlify Pipeline - 2026-03-12 11:33:02
📥 Consultando Scraper API...
🗺️  Generando mapa...
📥 Consultando flatscout-scraper-api...
❌ Error consultando el scraper: spawnSync /bin/sh ENOBUFS
🔄 Pipeline inicializado - 2026-03-12 11:34:02
📥 Consultando Scraper...
🗺️  Generando mapa...
📥 Consultando flatscout-scraper-api...
❌ Error consultando el scraper: spawnSync /bin/sh ENOBUFS
🔄 Pipeline inicializado - 2026-03-12 11:35:11
📥 Consultando Scraper...
🗺️  Generando mapa...
📥 Leyendo datos del scraper desde archivo...
✅ Mapa generado exitosamente.
🚀 Desplegando...
{
  "site_id": "6dded4e4-354a-4210-aea7-a45624d6b359",
  "site_name": "myflatscout",
  "deploy_id": "69b296e4c45136bf448fdb8d",
  "deploy_url": "https://69b296e4c45136bf448fdb8d--myflatscout.netlify.app",
  "logs": "https://app.netlify.com/projects/myflatscout/deploys/69b296e4c45136bf448fdb8d",
  "function_logs": "https://app.netlify.com/projects/myflatscout/logs/functions",
  "edge_function_logs": "https://app.netlify.com/projects/myflatscout/logs/edge-functions",
  "url": "https://myflatscout.netlify.app"
}✅ Pipeline completado.
🔄 Pipeline inicializado - 2026-03-12 11:38:56
📥 Consultando Scraper...
🗺️  Generando mapa...
📥 Generando mapa visual completo...
✅ Mapa restaurado y generado.
🚀 Desplegando...
{
  "site_id": "6dded4e4-354a-4210-aea7-a45624d6b359",
  "site_name": "myflatscout",
  "deploy_id": "69b297c39a8adadece313d77",
  "deploy_url": "https://69b297c39a8adadece313d77--myflatscout.netlify.app",
  "logs": "https://app.netlify.com/projects/myflatscout/deploys/69b297c39a8adadece313d77",
  "function_logs": "https://app.netlify.com/projects/myflatscout/logs/functions",
  "edge_function_logs": "https://app.netlify.com/projects/myflatscout/logs/edge-functions",
  "url": "https://myflatscout.netlify.app"
}✅ Pipeline completado.
🔄 Pipeline inicializado - 2026-03-12 11:40:57
📥 Consultando Scraper (Límite 500)...
Error: API Error 400: Bad Request
Details: {
  error: 'Validation error',
  details: { _errors: [], limit: { _errors: [Array] } }
}
================================================
🔄 FlatScout API-to-Netlify Pipeline - 2026-03-12 11:42:05
📥 Consultando Scraper...
🗺️  Generando mapa...
📥 Generando mapa visual completo...
✅ Mapa restaurado y generado.
🚀 Desplegando en Netlify...
{
  "site_id": "6dded4e4-354a-4210-aea7-a45624d6b359",
  "site_name": "myflatscout",
  "deploy_id": "69b29880625dbec3598587f2",
  "deploy_url": "https://69b29880625dbec3598587f2--myflatscout.netlify.app",
  "logs": "https://app.netlify.com/projects/myflatscout/deploys/69b29880625dbec3598587f2",
  "function_logs": "https://app.netlify.com/projects/myflatscout/logs/functions",
  "edge_function_logs": "https://app.netlify.com/projects/myflatscout/logs/edge-functions",
  "url": "https://myflatscout.netlify.app"
}✅ Pipeline completado.
================================================
🔄 FlatScout API-to-Netlify Pipeline - 2026-03-12 11:46:32
📥 Consultando Scraper...
🗺️  Generando mapa...
📥 Generando mapa visual completo...
✅ Mapa restaurado y generado.
🚀 Desplegando en Netlify...
{
  "site_id": "6dded4e4-354a-4210-aea7-a45624d6b359",
  "site_name": "myflatscout",
  "deploy_id": "69b2998b55ab46e1e7d15d46",
  "deploy_url": "https://69b2998b55ab46e1e7d15d46--myflatscout.netlify.app",
  "logs": "https://app.netlify.com/projects/myflatscout/deploys/69b2998b55ab46e1e7d15d46",
  "function_logs": "https://app.netlify.com/projects/myflatscout/logs/functions",
  "edge_function_logs": "https://app.netlify.com/projects/myflatscout/logs/edge-functions",
  "url": "https://myflatscout.netlify.app"
}✅ Pipeline completado.
================================================
🔄 FlatScout API-to-Netlify Pipeline - 2026-03-12 11:50:19
📥 Consultando Scraper...
🗺️  Generando mapa...
📥 Generando mapa visual completo...
✅ Mapa restaurado y generado totalmente.
🚀 Desplegando en Netlify...
{
  "site_id": "6dded4e4-354a-4210-aea7-a45624d6b359",
  "site_name": "myflatscout",
  "deploy_id": "69b29a6e55ab46e53ed15da9",
  "deploy_url": "https://69b29a6e55ab46e53ed15da9--myflatscout.netlify.app",
  "logs": "https://app.netlify.com/projects/myflatscout/deploys/69b29a6e55ab46e53ed15da9",
  "function_logs": "https://app.netlify.com/projects/myflatscout/logs/functions",
  "edge_function_logs": "https://app.netlify.com/projects/myflatscout/logs/edge-functions",
  "url": "https://myflatscout.netlify.app"
}✅ Pipeline completado.
================================================
🔄 FlatScout API-to-Netlify Pipeline - 2026-03-12 11:56:07
📥 Consultando Scraper...
🗺️  Generando mapa...
📥 Generando mapa con mapeo de datos mejorado...
✅ Mapa generado con mapeo completo.
🚀 Desplegando en Netlify...
{
  "site_id": "6dded4e4-354a-4210-aea7-a45624d6b359",
  "site_name": "myflatscout",
  "deploy_id": "69b29bcb55ab46ea32d15d79",
  "deploy_url": "https://69b29bcb55ab46ea32d15d79--myflatscout.netlify.app",
  "logs": "https://app.netlify.com/projects/myflatscout/deploys/69b29bcb55ab46ea32d15d79",
  "function_logs": "https://app.netlify.com/projects/myflatscout/logs/functions",
  "edge_function_logs": "https://app.netlify.com/projects/myflatscout/logs/edge-functions",
  "url": "https://myflatscout.netlify.app"
}✅ Pipeline completado.
================================================
🔄 FlatScout API-to-Netlify Pipeline - 2026-03-12 11:59:11
📥 Consultando Scraper...
🗺️  Generando mapa...
📥 Generando mapa con mapeo de campos real...
✅ Mapa generado con éxito.
🚀 Desplegando en Netlify...
{
  "site_id": "6dded4e4-354a-4210-aea7-a45624d6b359",
  "site_name": "myflatscout",
  "deploy_id": "69b29c826e86cff28362a812",
  "deploy_url": "https://69b29c826e86cff28362a812--myflatscout.netlify.app",
  "logs": "https://app.netlify.com/projects/myflatscout/deploys/69b29c826e86cff28362a812",
  "function_logs": "https://app.netlify.com/projects/myflatscout/logs/functions",
  "edge_function_logs": "https://app.netlify.com/projects/myflatscout/logs/edge-functions",
  "url": "https://myflatscout.netlify.app"
}✅ Pipeline completado.
================================================
🔄 FlatScout API-to-Netlify Pipeline - 2026-03-12 12:00:06
📥 Consultando Scraper...
🗺️  Generando mapa...
📥 Leyendo datos del scraper...
📊 Total apartamentos detectados: 50
✅ Mapa generado con 50 apartamentos.
🚀 Desplegando en Netlify...
{
  "site_id": "6dded4e4-354a-4210-aea7-a45624d6b359",
  "site_name": "myflatscout",
  "deploy_id": "69b29cb91d38d5f16eb0c0ed",
  "deploy_url": "https://69b29cb91d38d5f16eb0c0ed--myflatscout.netlify.app",
  "logs": "https://app.netlify.com/projects/myflatscout/deploys/69b29cb91d38d5f16eb0c0ed",
  "function_logs": "https://app.netlify.com/projects/myflatscout/logs/functions",
  "edge_function_logs": "https://app.netlify.com/projects/myflatscout/logs/edge-functions",
  "url": "https://myflatscout.netlify.app"
}✅ Pipeline completado.
================================================
🔄 FlatScout API-to-Netlify Pipeline - 2026-03-12 12:01:10
📥 Consultando Scraper...
🗺️  Generando mapa...
DEBUG: Procesando 50 items.
DEBUG: Ejemplo de data [0]: {
  "id": "e163f659-08a7-4803-8050-c545ae026e5c",
  "source": "otodom",
  "externalId": "67500235",
  "canonicalUrl": "https://www.otodom.pl/pl/oferta/urabanowska-blisko-park-solacki-ID4zdTt",
  "urlHash": "63a2c1446cecac038d63479d73052a9c1437bbe51ad1e2bc6f484e84ee9e6565",
  "status": "active",
  "title": "Urabanowska - blisko Park Sołacki",
  "description": null,
  "price": 458000,
  "currency": "PLN",
  "rooms": 3,
  "bathrooms": null,
  "areaM2": 47,
  "floor": null,
  "neighborhood": null,
  "city": null,
  "region": null,
  "addressText": null,
  "lat": null,
  "lon": null,
  "agencyName": null,
  "advertiserType": null,
  "thumbnailUrl": "https://ireland.apollo.olxcdn.com/v1/files/eyJmbiI6InFtbHhyd2pkOGs0dTItQVBMIiwidyI6W3siZm4iOiJlbnZmcXFlMWF5NGsxLUFQTCIsInMiOiIxNCIsInAiOiIxMCwtMTAiLCJhIjoiMCJ9XX0.PHK1d4DYxXZn59anUXL6_zzqAfhrHBx0Vxlh8hslDZE/image;s=655x491;q=80",
  "photosJson": null,
  "featuresJson": null,
  "rawSummaryJson": {
    "id": 67500235,
    "href": "[lang]/ad/urabanowska-blisko-park-solacki-ID4zdTt",
    "slug": "urabanowska-blisko-park-solacki-ID4zdTt",
    "title": "Urabanowska - blisko Park Sołacki",
    "agency": {
      "id": 34686,
      "name": "Nieruchomosci Laskowski",
      "slug": "nieruchomosci-laskowski-ID34686",
      "type": "AGENCY",
      "imageUrl": "https://ireland.apollo.olxcdn.com/v1/files/eyJmbiI6IjJua3JhdzVjdmJ5MS1BUEwifQ.xStN8sFTq97pnzGg5F8Q8xKZRPUhWt-BmSfxo7GEyaI/image;s=800x600;q=90",
      "__typename": "AgencyListingDetails",
      "highlightedAds": false,
      "brandingVisible": false,
      "enhancedBrandingFeatures": [
        "ENHANCED_BRANDING_SELLER_TYPE"
      ]
    },
    "estate": "FLAT",
    "images": [
      {
        "large": "https://ireland.apollo.olxcdn.com/v1/files/eyJmbiI6InFtbHhyd2pkOGs0dTItQVBMIiwidyI6W3siZm4iOiJlbnZmcXFlMWF5NGsxLUFQTCIsInMiOiIxNCIsInAiOiIxMCwtMTAiLCJhIjoiMCJ9XX0.PHK1d4DYxXZn59anUXL6_zzqAfhrHBx0Vxlh8hslDZE/image;s=1280x1024;q=80",
        "medium": "https://ireland.apollo.olxcdn.com/v1/files/eyJmbiI6InFtbHhyd2pkOGs0dTItQVBMIiwidyI6W3siZm4iOiJlbnZmcXFlMWF5NGsxLUFQTCIsInMiOiIxNCIsInAiOiIxMCwtMTAiLCJhIjoiMCJ9XX0.PHK1d4DYxXZn59anUXL6_zzqAfhrHBx0Vxlh8hslDZE/image;s=655x491;q=80",
        "__typename": "AdImage"
      },
      {
        "large": "https://ireland.apollo.olxcdn.com/v1/files/eyJmbiI6InUxZnF1NXp3Y3lsNzEtQVBMIiwidyI6W3siZm4iOiJlbnZmcXFlMWF5NGsxLUFQTCIsInMiOiIxNCIsInAiOiIxMCwtMTAiLCJhIjoiMCJ9XX0.z91Q3owAAMAoabhdj8eeihaWXbraNEuw2pCMHe0e8NM/image;s=1280x1024;q=80",
        "medium": "https://ireland.apollo.olxcdn.com/v1/files/eyJmbiI6InUxZnF1NXp3Y3lsNzEtQVBMIiwidyI6W3siZm4iOiJlbnZmcXFlMWF5NGsxLUFQTCIsInMiOiIxNCIsInAiOiIxMCwtMTAiLCJhIjoiMCJ9XX0.z91Q3owAAMAoabhdj8eeihaWXbraNEuw2pCMHe0e8NM/image;s=655x491;q=80",
        "__typename": "AdImage"
      },
      {
        "large": "https://ireland.apollo.olxcdn.com/v1/files/eyJmbiI6Imtob3d4OXgydGZ5ZzEtQVBMIiwidyI6W3siZm4iOiJlbnZmcXFlMWF5NGsxLUFQTCIsInMiOiIxNCIsInAiOiIxMCwtMTAiLCJhIjoiMCJ9XX0.Vw4oV7FmIitjqJFeuSkJU9aSjZbmL20e7Lyixqq4Hb0/image;s=1280x1024;q=80",
        "medium": "https://ireland.apollo.olxcdn.com/v1/files/eyJmbiI6Imtob3d4OXgydGZ5ZzEtQVBMIiwidyI6W3siZm4iOiJlbnZmcXFlMWF5NGsxLUFQTCIsInMiOiIxNCIsInAiOiIxMCwtMTAiLCJhIjoiMCJ9XX0.Vw4oV7FmIitjqJFeuSkJU9aSjZbmL20e7Lyixqq4Hb0/image;s=655x491;q=80",
        "__typename": "AdImage"
      }
    ],
    "source": "urn:site:local",
    "location": {
      "address": {
        "city": {
          "name": "Poznań",
          "__typename": "City"
        },
        "street": null,
        "province": {
          "name": "wielkopolskie",
          "__typename": "Province"
        },
        "__typename": "Address"
      },
      "__typename": "LocationDetails",
      "mapDetails": {
        "radius": 0,
        "__typename": "MapDetails"
      },
      "reverseGeocoding": {
        "locations": [
          {
            "id": "wielkopolskie",
            "name": "wielkopolskie",
            "fullName": "wielkopolskie",
            "__typename": "BasicLocationObject",
            "locationLevel": "voivodeship"
          },
          {
            "id": "wielkopolskie/poznan/poznan/poznan",
            "name": "Poznań",
            "fullName": "Poznań, wielkopolskie",
            "__typename": "BasicLocationObject",
            "locationLevel": "city_or_village"
          },
          {
            "id": "wielkopolskie/poznan/poznan/poznan/jezyce",
            "name": "Jeżyce",
            "fullName": "Jeżyce, Poznań, wielkopolskie",
            "__typename": "BasicLocationObject",
            "locationLevel": "district"
          },
          {
            "id": "wielkopolskie/poznan/poznan/poznan/jezyce/winiary",
            "name": "Winiary",
            "fullName": "Winiary, Jeżyce, Poznań, wielkopolskie",
            "__typename": "BasicLocationObject",
            "locationLevel": "residential"
          }
        ],
        "__typename": "ReverseGeocoding"
      }
    },
    "openDays": "",
    "rowIndex": 32,
    "hidePrice": false,
    "rentPrice": {
      "value": 875,
      "currency": "PLN",
      "__typename": "Money"
    },
    "__typename": "AdvertListItem",
    "isPromoted": false,
    "pushedUpAt": null,
    "totalPrice": {
      "value": 458000,
      "currency": "PLN",
      "__typename": "Money"
    },
    "advertOwner": {
      "name": "Nieruchomosci Laskowski",
      "contacts": [],
      "imageUrl": "",
      "__typename": "LegacyAdvertOwner"
    },
    "dateCreated": "2025-12-02 12:21:38",
    "development": null,
    "floorNumber": "FOURTH",
    "roomsNumber": "THREE",
    "transaction": "SELL",
    "imagesHashes": [
      "https://ireland.apollo.olxcdn.com/v1/files/eyJmbiI6InFtbHhyd2pkOGs0dTItQVBMIiwidyI6W3siZm4iOiJlbnZmcXFlMWF5NGsxLUFQTCIsInMiOiIxNCIsInAiOiIxMCwtMTAiLCJhIjoiMCJ9XX0.PHK1d4DYxXZn59anUXL6_zzqAfhrHBx0Vxlh8hslDZE/image",
      "https://ireland.apollo.olxcdn.com/v1/files/eyJmbiI6InUxZnF1NXp3Y3lsNzEtQVBMIiwidyI6W3siZm4iOiJlbnZmcXFlMWF5NGsxLUFQTCIsInMiOiIxNCIsInAiOiIxMCwtMTAiLCJhIjoiMCJ9XX0.z91Q3owAAMAoabhdj8eeihaWXbraNEuw2pCMHe0e8NM/image",
      "https://ireland.apollo.olxcdn.com/v1/files/eyJmbiI6Imtob3d4OXgydGZ5ZzEtQVBMIiwidyI6W3siZm4iOiJlbnZmcXFlMWF5NGsxLUFQTCIsInMiOiIxNCIsInAiOiIxMCwtMTAiLCJhIjoiMCJ9XX0.Vw4oV7FmIitjqJFeuSkJU9aSjZbmL20e7Lyixqq4Hb0/image"
    ],
    "specialOffer": null,
    "developmentId": 0,
    "peoplePerRoom": null,
    "createdAtFirst": "2025-12-02T12:20:08Z",
    "developmentUrl": "",
    "isPrivateOwner": false,
    "investmentState": null,
    "showPremiumTile": false,
    "developmentTitle": "",
    "isExclusiveOffer": false,
    "shortDescription": "BLOKADA!!! do 08.03.26Do sprzedaży 3 - pokojowe mieszkanie położone w bardzo dobrej lokalizacji w Poznaniu, przy ul. Urbanowskiej na Jeżycach.Mieszkanie położone na 4 piętrze w niskim IV piętrowym blo...",
    "areaInSquareMeters": 47,
    "pricePerSquareMeter": {
      "value": 9745,
      "currency": "PLN",
      "__typename": "Money"
    },
    "totalPossibleImages": 13,
    "investmentUnitsNumber": null,
    "priceFromPerSquareMeter": null,
    "terrainAreaInSquareMeters": null,
    "investmentUnitsRoomsNumber": null,
    "organisationAssignedMember": null,
    "investmentEstimatedDelivery": null,
    "investmentUnitsAreaInSquareMeters": null
  },
  "rawDetailsJson": null,
  "fingerprint": "543082649ab324aed040584422da1cfe576ec16860460b0c3571c2f49b2b24bb",
  "publishedAtText": null,
  "firstSeenAt": "2026-03-08T10:44:12.952Z",
  "lastSeenAt": "2026-03-12T10:32:16.640Z",
  "lastCheckedAt": "2026-03-11T16:20:07.143Z",
  "lastChangedAt": null,
  "createdAt": "2026-03-08T10:44:18.110Z",
  "updatedAt": "2026-03-12T10:32:16.641Z",
  "userState": {
    "id": "cmmhmkksh00v9x1cfu4fwndck",
    "listingId": "e163f659-08a7-4803-8050-c545ae026e5c",
    "status": "FOUND",
    "comments": null,
    "visitDate": null,
    "prosJson": null,
    "consJson": null,
    "rating": null,
    "createdAt": "2026-03-08T10:44:18.113Z",
    "updatedAt": "2026-03-08T10:44:18.113Z"
  }
}
✅ Generado.
🚀 Desplegando en Netlify...
{
  "site_id": "6dded4e4-354a-4210-aea7-a45624d6b359",
  "site_name": "myflatscout",
  "deploy_id": "69b29cfcb34fb1fdbd35c12f",
  "deploy_url": "https://69b29cfcb34fb1fdbd35c12f--myflatscout.netlify.app",
  "logs": "https://app.netlify.com/projects/myflatscout/deploys/69b29cfcb34fb1fdbd35c12f",
  "function_logs": "https://app.netlify.com/projects/myflatscout/logs/functions",
  "edge_function_logs": "https://app.netlify.com/projects/myflatscout/logs/edge-functions",
  "url": "https://myflatscout.netlify.app"
}✅ Pipeline completado.
================================================
🔄 FlatScout API-to-Netlify Pipeline - 2026-03-12 12:04:18
📥 Consultando Scraper...
🗺️  Generando mapa...
📥 Generando mapa con mapeo robusto...
DEBUG: Primeros 3 apartamentos procesados: [
  {
    "coords": [
      52.4064,
      16.9252
    ],
    "title": "Urabanowska - blisko Park Sołacki",
    "price": 458000,
    "size": 47,
    "rooms": "N/A",
    "floor": "-",
    "monthly": "N/A",
    "url": "https://www.otodom.pl/pl/oferta/urabanowska-blisko-park-solacki-ID4zdTt"
  },
  {
    "coords": [
      52.4064,
      16.9252
    ],
    "title": "Klimatyczne mieszkanie 3 pokojowe",
    "price": 647955,
    "size": 63,
    "rooms": "N/A",
    "floor": "-",
    "monthly": "N/A",
    "url": "https://www.otodom.pl/pl/oferta/klimatyczne-mieszkanie-3-pokojowe-ID4zCJB"
  },
  {
    "coords": [
      52.4064,
      16.9252
    ],
    "title": "Mieszkanie dwupoziomowe, piwnica, schowki",
    "price": 550000,
    "size": 62,
    "rooms": "N/A",
    "floor": "-",
    "monthly": "N/A",
    "url": "https://www.otodom.pl/pl/oferta/mieszkanie-dwupoziomowe-piwnica-schowki-ID4y2k6"
  }
]
✅ Mapa generado.
🚀 Desplegando en Netlify...
{
  "site_id": "6dded4e4-354a-4210-aea7-a45624d6b359",
  "site_name": "myflatscout",
  "deploy_id": "69b29db555ab46f4a7d15c3b",
  "deploy_url": "https://69b29db555ab46f4a7d15c3b--myflatscout.netlify.app",
  "logs": "https://app.netlify.com/projects/myflatscout/deploys/69b29db555ab46f4a7d15c3b",
  "function_logs": "https://app.netlify.com/projects/myflatscout/logs/functions",
  "edge_function_logs": "https://app.netlify.com/projects/myflatscout/logs/edge-functions",
  "url": "https://myflatscout.netlify.app"
}✅ Pipeline completado.
================================================
🔄 FlatScout API-to-Netlify Pipeline - 2026-03-12 12:05:09
📥 Consultando Scraper...
🗺️  Generando mapa...
📥 Generando mapa - DEPURACIÓN TOTAL...
DEBUG: Tipo de dato raíz: object
DEBUG: Es array?: true
DEBUG: Keys del objeto raíz: [
  '0',  '1',  '2',  '3',  '4',  '5',  '6',
  '7',  '8',  '9',  '10', '11', '12', '13',
  '14', '15', '16', '17', '18', '19', '20',
  '21', '22', '23', '24', '25', '26', '27',
  '28', '29', '30', '31', '32', '33', '34',
  '35', '36', '37', '38', '39', '40', '41',
  '42', '43', '44', '45', '46', '47', '48',
  '49'
]
📊 Total apartamentos detectados tras parseo: 50
DEBUG: Primeras coordenadas: [[52.4064,16.9252],[52.4064,16.9252],[52.4064,16.9252],[52.4064,16.9252],[52.4064,16.9252]]
✅ Generado mapa con 50 puntos.
🚀 Desplegando en Netlify...
{
  "site_id": "6dded4e4-354a-4210-aea7-a45624d6b359",
  "site_name": "myflatscout",
  "deploy_id": "69b29de9c45136df458fdbce",
  "deploy_url": "https://69b29de9c45136df458fdbce--myflatscout.netlify.app",
  "logs": "https://app.netlify.com/projects/myflatscout/deploys/69b29de9c45136df458fdbce",
  "function_logs": "https://app.netlify.com/projects/myflatscout/logs/functions",
  "edge_function_logs": "https://app.netlify.com/projects/myflatscout/logs/edge-functions",
  "url": "https://myflatscout.netlify.app"
}✅ Pipeline completado.
================================================
🔄 FlatScout API-to-Netlify Pipeline - 2026-03-12 12:07:20
📥 Consultando Scraper...
🗺️  Generando mapa...
📥 Generando mapa optimizado...
✅ Mapa generado correctamente.
🚀 Desplegando en Netlify...
{
  "site_id": "6dded4e4-354a-4210-aea7-a45624d6b359",
  "site_name": "myflatscout",
  "deploy_id": "69b29e6be7809feafc30ca71",
  "deploy_url": "https://69b29e6be7809feafc30ca71--myflatscout.netlify.app",
  "logs": "https://app.netlify.com/projects/myflatscout/deploys/69b29e6be7809feafc30ca71",
  "function_logs": "https://app.netlify.com/projects/myflatscout/logs/functions",
  "edge_function_logs": "https://app.netlify.com/projects/myflatscout/logs/edge-functions",
  "url": "https://myflatscout.netlify.app"
}✅ Pipeline completado.
================================================
🔄 FlatScout API-to-Netlify Pipeline - 2026-03-12 12:09:18
📥 Consultando Scraper...
🗺️  Generando mapa...
✅ Mapa generado con 50 puntos.
🚀 Desplegando en Netlify...
{
  "site_id": "6dded4e4-354a-4210-aea7-a45624d6b359",
  "site_name": "myflatscout",
  "deploy_id": "69b29ee2426f7fe622a7ec6b",
  "deploy_url": "https://69b29ee2426f7fe622a7ec6b--myflatscout.netlify.app",
  "logs": "https://app.netlify.com/projects/myflatscout/deploys/69b29ee2426f7fe622a7ec6b",
  "function_logs": "https://app.netlify.com/projects/myflatscout/logs/functions",
  "edge_function_logs": "https://app.netlify.com/projects/myflatscout/logs/edge-functions",
  "url": "https://myflatscout.netlify.app"
}✅ Pipeline completado.
================================================
🔄 FlatScout API-to-Netlify Pipeline - 2026-03-12 12:10:48
📥 Consultando Scraper...
🗺️  Generando mapa...
📥 Generando mapa visual completo y robusto...
✅ Mapa restaurado y funcional.
🚀 Desplegando en Netlify...
{
  "site_id": "6dded4e4-354a-4210-aea7-a45624d6b359",
  "site_name": "myflatscout",
  "deploy_id": "69b29f3b426f7fe622a7ec77",
  "deploy_url": "https://69b29f3b426f7fe622a7ec77--myflatscout.netlify.app",
  "logs": "https://app.netlify.com/projects/myflatscout/deploys/69b29f3b426f7fe622a7ec77",
  "function_logs": "https://app.netlify.com/projects/myflatscout/logs/functions",
  "edge_function_logs": "https://app.netlify.com/projects/myflatscout/logs/edge-functions",
  "url": "https://myflatscout.netlify.app"
}✅ Pipeline completado.
================================================
🔄 FlatScout API-to-Netlify Pipeline - 2026-03-12 12:13:37
📥 Consultando Scraper...
🗺️  Generando mapa...
✅ Generado mapa con mapeo limpio.
🚀 Desplegando en Netlify...
{
  "site_id": "6dded4e4-354a-4210-aea7-a45624d6b359",
  "site_name": "myflatscout",
  "deploy_id": "69b29fe4426f7fe6eca7ed14",
  "deploy_url": "https://69b29fe4426f7fe6eca7ed14--myflatscout.netlify.app",
  "logs": "https://app.netlify.com/projects/myflatscout/deploys/69b29fe4426f7fe6eca7ed14",
  "function_logs": "https://app.netlify.com/projects/myflatscout/logs/functions",
  "edge_function_logs": "https://app.netlify.com/projects/myflatscout/logs/edge-functions",
  "url": "https://myflatscout.netlify.app"
}✅ Pipeline completado.
================================================
🔄 FlatScout API-to-Netlify Pipeline - 2026-03-12 12:15:44
📥 Consultando Scraper...
🗺️  Generando mapa...
📥 Generando mapa visual completo...
✅ Visualización restaurada con mapeado de datos avanzado.
🚀 Desplegando en Netlify...
{
  "site_id": "6dded4e4-354a-4210-aea7-a45624d6b359",
  "site_name": "myflatscout",
  "deploy_id": "69b2a06433f4fe058639e402",
  "deploy_url": "https://69b2a06433f4fe058639e402--myflatscout.netlify.app",
  "logs": "https://app.netlify.com/projects/myflatscout/deploys/69b2a06433f4fe058639e402",
  "function_logs": "https://app.netlify.com/projects/myflatscout/logs/functions",
  "edge_function_logs": "https://app.netlify.com/projects/myflatscout/logs/edge-functions",
  "url": "https://myflatscout.netlify.app"
}✅ Pipeline completado.
================================================
🔄 FlatScout API-to-Netlify Pipeline - 2026-03-12 12:17:31
📥 Consultando Scraper...
🗺️  Generando mapa...
📥 Generando mapa con mapeo multi-ruta...
✅ Mapa generado con mapeo profundo completado.
🚀 Desplegando en Netlify...
{
  "site_id": "6dded4e4-354a-4210-aea7-a45624d6b359",
  "site_name": "myflatscout",
  "deploy_id": "69b2a0cee7809ff43130ca96",
  "deploy_url": "https://69b2a0cee7809ff43130ca96--myflatscout.netlify.app",
  "logs": "https://app.netlify.com/projects/myflatscout/deploys/69b2a0cee7809ff43130ca96",
  "function_logs": "https://app.netlify.com/projects/myflatscout/logs/functions",
  "edge_function_logs": "https://app.netlify.com/projects/myflatscout/logs/edge-functions",
  "url": "https://myflatscout.netlify.app"
}✅ Pipeline completado.
================================================
🔄 FlatScout API-to-Netlify Pipeline - 2026-03-12 12:18:54
📥 Consultando Scraper...
🗺️  Generando mapa...
📥 Generando mapa con mapeo multi-ruta...
✅ Mapa generado con mapeo profundo completado.
🚀 Desplegando en Netlify...
{
  "site_id": "6dded4e4-354a-4210-aea7-a45624d6b359",
  "site_name": "myflatscout",
  "deploy_id": "69b2a122c45136ec0d8fdc30",
  "deploy_url": "https://69b2a122c45136ec0d8fdc30--myflatscout.netlify.app",
  "logs": "https://app.netlify.com/projects/myflatscout/deploys/69b2a122c45136ec0d8fdc30",
  "function_logs": "https://app.netlify.com/projects/myflatscout/logs/functions",
  "edge_function_logs": "https://app.netlify.com/projects/myflatscout/logs/edge-functions",
  "url": "https://myflatscout.netlify.app"
}✅ Pipeline completado.
================================================
🔄 FlatScout API-to-Netlify Pipeline - 2026-03-12 12:19:48
📥 Consultando Scraper...
🗺️  Generando mapa...
📥 Generando mapa con mapeo multi-ruta...
✅ Mapa generado con mapeo profundo completado.
🚀 Desplegando en Netlify...
{
  "site_id": "6dded4e4-354a-4210-aea7-a45624d6b359",
  "site_name": "myflatscout",
  "deploy_id": "69b2a157420b02fb813b53e8",
  "deploy_url": "https://69b2a157420b02fb813b53e8--myflatscout.netlify.app",
  "logs": "https://app.netlify.com/projects/myflatscout/deploys/69b2a157420b02fb813b53e8",
  "function_logs": "https://app.netlify.com/projects/myflatscout/logs/functions",
  "edge_function_logs": "https://app.netlify.com/projects/myflatscout/logs/edge-functions",
  "url": "https://myflatscout.netlify.app"
}✅ Pipeline completado.
================================================
🔄 FlatScout API-to-Netlify Pipeline - 2026-03-12 12:21:13
📥 Consultando Scraper...
🗺️  Generando mapa...
📥 Generando mapa con mapeo multi-ruta...
✅ Mapa generado con mapeo profundo completado.
🚀 Desplegando en Netlify...
{
  "site_id": "6dded4e4-354a-4210-aea7-a45624d6b359",
  "site_name": "myflatscout",
  "deploy_id": "69b2a1ada53125f507717d1c",
  "deploy_url": "https://69b2a1ada53125f507717d1c--myflatscout.netlify.app",
  "logs": "https://app.netlify.com/projects/myflatscout/deploys/69b2a1ada53125f507717d1c",
  "function_logs": "https://app.netlify.com/projects/myflatscout/logs/functions",
  "edge_function_logs": "https://app.netlify.com/projects/myflatscout/logs/edge-functions",
  "url": "https://myflatscout.netlify.app"
}✅ Pipeline completado.
================================================
🔄 FlatScout API-to-Netlify Pipeline - 2026-03-12 12:26:44
📥 Consultando Scraper...
🗺️  Generando mapa...
✅ Mapa generado.
🚀 Desplegando en Netlify...
 ›   JSONHTTPError: Forbidden
================================================
🔄 FlatScout GitHub Pipeline - 2026-03-12 15:03:09
📥 Consultando Scraper...
================================================
🔄 FlatScout GitHub Pipeline - 2026-03-12 15:20:32
📥 Consultando Scraper...
✅ Mapa subido a GitHub (https://myopencl.github.io/flatscout/apartments_map.html).
✅ Pipeline completado.
================================================
🔄 FlatScout GitHub Pipeline - 2026-03-12 15:27:43
📥 Consultando Scraper...
================================================
🔄 FlatScout GitHub Pipeline - 2026-03-12 15:28:20
✅ Mapa subido a GitHub.
✅ Pipeline completado.
================================================
🔄 FlatScout GitHub Pipeline - 2026-03-12 15:30:39
✅ Mapa subido a GitHub.
✅ Pipeline completado.
================================================
🔄 FlatScout GitHub Pipeline - 2026-03-12 15:40:35
✅ Mapa subido a GitHub (https://myopencl.github.io/flatscout/).
✅ Pipeline completado.
================================================
🔄 FlatScout GitHub Pipeline - 2026-03-12 16:20:26
================================================
🔄 FlatScout GitHub Pipeline - 2026-03-12 16:25:54
================================================
🔄 FlatScout GitHub Pipeline - 2026-03-12 16:28:42
================================================
🔄 FlatScout GitHub Pipeline - 2026-03-12 16:31:27
================================================
🔄 FlatScout GitHub Pipeline - 2026-03-12 16:35:23
================================================
🔄 FlatScout GitHub Pipeline - 2026-03-12 16:38:26
================================================
🔄 FlatScout GitHub Pipeline - 2026-03-12 16:41:57
================================================
🔄 FlatScout GitHub Pipeline - 2026-03-12 16:45:03
✅ Mapa subido a GitHub.
✅ Pipeline completado.
================================================
🔄 FlatScout GitHub Pipeline - 2026-03-12 16:47:47
✅ Mapa subido a GitHub.
✅ Pipeline completado.
================================================
🔄 FlatScout GitHub Pipeline - 2026-03-12 16:49:56
✅ Mapa subido a GitHub.
✅ Pipeline completado.
================================================
🔄 FlatScout GitHub Pipeline - 2026-03-12 16:53:47
✅ Mapa subido a GitHub.
✅ Pipeline completado.
================================================
🔄 FlatScout GitHub Pipeline - 2026-03-12 16:56:38
✅ Mapa subido a GitHub.
✅ Pipeline completado.
================================================
🔄 FlatScout GitHub Pipeline - 2026-03-12 16:59:38
✅ Mapa subido a GitHub.
✅ Pipeline completado.
================================================
🔄 FlatScout GitHub Pipeline - 2026-03-12 17:02:16
✅ Mapa subido a GitHub.
✅ Pipeline completado.
================================================
🔄 FlatScout GitHub Pipeline - 2026-03-12 17:05:00
✅ Mapa subido a GitHub.
✅ Pipeline completado.
================================================
🔄 FlatScout GitHub Pipeline - 2026-03-12 17:06:10
✅ Mapa subido a GitHub.
✅ Pipeline completado.
================================================
🔄 FlatScout GitHub Pipeline - 2026-03-12 17:08:22
✅ Mapa subido a GitHub.
✅ Pipeline completado.
================================================
🔄 FlatScout GitHub Pipeline - 2026-03-12 17:10:47
✅ Mapa subido a GitHub.
✅ Pipeline completado.
================================================
🔄 FlatScout GitHub Pipeline - 2026-03-12 17:14:14
================================================
🔄 FlatScout GitHub Pipeline - 2026-03-12 17:28:30
================================================
🔄 FlatScout GitHub Pipeline - 2026-03-12 17:28:39
================================================
🔄 FlatScout GitHub Pipeline - 2026-03-12 17:34:20
✅ Mapa subido a GitHub.
✅ Pipeline completado.
================================================
🔄 FlatScout GitHub Pipeline - 2026-03-12 17:43:23
✅ Mapa subido a GitHub.
✅ Pipeline completado.
================================================
🔄 FlatScout GitHub Pipeline - 2026-03-12 17:46:29
✅ Mapa subido a GitHub.
✅ Pipeline completado.
================================================
🔄 FlatScout GitHub Pipeline - 2026-03-12 17:48:17
✅ Mapa subido a GitHub.
✅ Pipeline completado.
================================================
🔄 FlatScout GitHub Pipeline - 2026-03-12 17:50:32
✅ Mapa subido a GitHub.
✅ Pipeline completado.
================================================
🔄 FlatScout GitHub Pipeline - 2026-03-12 17:53:59
✅ Mapa subido a GitHub.
✅ Pipeline completado.
================================================
🔄 FlatScout GitHub Pipeline - 2026-03-12 17:56:10
✅ Mapa subido a GitHub.
✅ Pipeline completado.
================================================
🔄 FlatScout GitHub Pipeline - 2026-03-12 17:59:18
✅ Mapa subido a GitHub.
✅ Pipeline completado.
================================================
🔄 FlatScout GitHub Pipeline - 2026-03-12 18:02:41
✅ Mapa subido a GitHub.
✅ Pipeline completado.
================================================
🔄 FlatScout GitHub Pipeline - 2026-03-12 18:04:33
✅ Mapa subido a GitHub.
✅ Pipeline completado.
================================================
🔄 FlatScout GitHub Pipeline - 2026-03-12 18:05:55
✅ Mapa subido a GitHub.
✅ Pipeline completado.
================================================
🔄 FlatScout GitHub Pipeline - 2026-03-12 18:07:21
✅ Mapa subido a GitHub.
✅ Pipeline completado.
================================================
🔄 FlatScout GitHub Pipeline - 2026-03-12 18:08:47
✅ Mapa subido a GitHub.
✅ Pipeline completado.
================================================
🔄 FlatScout GitHub Pipeline - 2026-03-13 09:04:24
✅ Mapa subido a GitHub.
✅ Pipeline completado.
================================================
🔄 FlatScout GitHub Pipeline - 2026-03-13 09:26:12
✅ Mapa subido a GitHub.
✅ Pipeline completado.
================================================
🔄 FlatScout GitHub Pipeline - 2026-03-13 09:34:45
✅ Mapa subido a GitHub.
✅ Pipeline completado.
================================================
🔄 FlatScout GitHub Pipeline - 2026-03-13 09:45:40
✅ Mapa subido a GitHub.
✅ Pipeline completado.
================================================
🔄 FlatScout GitHub Pipeline - 2026-03-13 09:51:33
✅ Mapa subido a GitHub.
✅ Pipeline completado.
================================================
🔄 FlatScout Map API Pipeline - 2026-03-17 10:08:40
================================================
🔄 FlatScout Map API Pipeline - 2026-03-17 10:14:11
✅ Mapa subido a GitHub.
✅ Pipeline completado.
================================================
🔄 FlatScout Map API Pipeline - 2026-03-17 10:30:04
================================================
🔄 FlatScout Map API Pipeline - 2026-03-17 10:45:08
================================================
🔄 FlatScout Map API Pipeline - 2026-03-17 11:00:06
================================================
🔄 FlatScout Map API Pipeline - 2026-03-17 11:15:05
================================================
🔄 FlatScout Map API Pipeline - 2026-03-17 11:34:15
================================================
🔄 FlatScout Map API Pipeline - 2026-03-17 11:45:08
================================================
🔄 FlatScout Map API Pipeline - 2026-03-17 12:00:08
================================================
🔄 FlatScout Map API Pipeline - 2026-03-17 12:15:03
================================================
🔄 FlatScout Map API Pipeline - 2026-03-17 12:30:32
================================================
🔄 FlatScout Map API Pipeline - 2026-03-17 12:45:04
================================================
🔄 FlatScout GitHub Pipeline - 2026-03-17 12:45:11
================================================
🔄 FlatScout Map API Pipeline - 2026-03-17 13:00:47
================================================
🔄 FlatScout Map API Pipeline - 2026-03-17 13:15:03
================================================
🔄 FlatScout Map API Pipeline - 2026-03-17 13:30:12
================================================
🔄 FlatScout Map API Pipeline - 2026-03-17 13:45:09
================================================
🔄 FlatScout Map API Pipeline - 2026-03-17 14:02:37
================================================
🔄 FlatScout Map API Pipeline - 2026-03-17 14:15:06
================================================
🔄 FlatScout Map API Pipeline - 2026-03-17 14:32:29
================================================
🔄 FlatScout Map API Pipeline - 2026-03-17 14:45:06
================================================
🔄 FlatScout Map API Pipeline - 2026-03-17 15:00:48
================================================
🔄 FlatScout Map API Pipeline - 2026-03-17 15:15:11
================================================
🔄 FlatScout GitHub Pipeline - 2026-03-17 15:15:16
================================================
🔄 FlatScout Map API Pipeline - 2026-03-17 15:28:54
================================================
🔄 FlatScout GitHub Pipeline - 2026-03-17 15:30:10
================================================
🔄 FlatScout Map API Pipeline - 2026-03-17 15:45:03
================================================
🔄 FlatScout GitHub Pipeline - 2026-03-17 15:45:07
================================================
🔄 FlatScout Map API Pipeline - 2026-03-17 15:47:24
================================================
🔄 FlatScout Map API Pipeline - 2026-03-17 15:59:38
✅ Mapa subido a GitHub.
✅ Pipeline completado.
================================================
🔄 FlatScout Map API Pipeline - 2026-03-17 15:59:57
✅ Mapa subido a GitHub.
✅ Pipeline completado.
================================================
🔄 FlatScout Map API Pipeline - 2026-03-17 16:00:25
✅ Mapa subido a GitHub.
✅ Pipeline completado.
================================================
🔄 FlatScout Map API Pipeline - 2026-03-17 16:16:07
✅ Mapa subido a GitHub.
✅ Pipeline completado.
================================================
🔄 FlatScout Map API Pipeline - 2026-03-17 16:36:20
✅ Mapa subido a GitHub.
✅ Pipeline completado.
================================================
🔄 FlatScout Map API Pipeline - 2026-03-17 16:45:07
✅ Mapa subido a GitHub.
✅ Pipeline completado.
================================================
🔄 FlatScout Map API Pipeline - 2026-03-17 17:00:29
✅ Mapa subido a GitHub.
✅ Pipeline completado.
================================================
🔄 FlatScout Map API Pipeline - 2026-03-17 17:15:02
✅ Mapa subido a GitHub.
✅ Pipeline completado.
================================================
🔄 FlatScout Map API Pipeline - 2026-03-17 17:30:06
✅ Mapa subido a GitHub.
✅ Pipeline completado.
================================================
🔄 FlatScout Map API Pipeline - 2026-03-17 17:36:18
📊 Running scorer...
=== FlatScout Scoring Script ===

Target: Fredry 9, Poznań (52.408417, 16.924583)
Scoring criteria:
  - Distance: 0-3km → 0-50 pts (closer = better)
  - Price/m²: <9000 = 20pts, >13000 = 0pts
  - Condition: new=10, used=5, reform=0 pts
  - Expenses: <800=20pts, >1000=0pts

Mode: LIVE (will update scores)
Limit: 100 listings

Fetching listings from API...
Found 100 active listings



=== Results ===
Total listings processed: 100
Updated: 100
Skipped (errors): 0

=== Top 10 by Score ===
Rank | Score | Title | Neighborhood | Price | m²
--------------------------------------------------------------------------------
   1 |    90 | 3 pokoje w centrum miasta      | Stare Miasto    |    598,000 | 67
   2 |    85 | 2 przestronne pokoje do remont | N/A             |    560,000 | 70.1
   3 |    83 | 2 pokoje z osobną kuchnią | Ka | Stare Miasto    |    541,574 | 52.58
   4 |    82 | OKAZJA! 2 pokoje w centrum–świ | Stare Miasto    |    526,155 | 50.11
   5 |    82 | Okazja cenowa 2pokoje w centru | Stare Miasto    |    519,000 | 58
   6 |    80 | Prestiżowa lokalizacja|Po gene | Centrum         |    545,000 | 49.6
   7 |    77 | Centrum, Garbary 48 mkw 2 poko | Centrum         |    459,000 | 48
   8 |    77 | Obszerne klimatyczne poddasze  | Jeżyce          |    533,000 | 97.29
   9 |    77 | Ciche, dwupokojowe mieszkanie, | Stare Miasto    |    615,000 | 57.02
  10 |    76 | Mieszkanie, 56 m2, Poznań, ści | Stare Miasto    |    640,000 | 56

=== Score Distribution ===
90-100: █ (1)
80-89: ████ (5)
70-79: █████████████████ (20)
60-69: ████████████████████ (24)
50-59: ███████████████████ (23)
40-49: █████████████ (15)
0-39: ██████████ (12)

Scores saved to: /home/clawbot/.openclaw/workspace-flatscout/skills/scores.json
🗺️ Generating map...
✅ Mapa subido a GitHub.
✅ Pipeline completado.
================================================
🔄 FlatScout Map API Pipeline - 2026-03-17 17:45:03
📊 Running scorer...
=== FlatScout Scoring Script ===

Target: Fredry 9, Poznań (52.408417, 16.924583)
Scoring criteria:
  - Distance: 0-3km → 0-50 pts (closer = better)
  - Price/m²: <9000 = 20pts, >13000 = 0pts
  - Condition: new=10, used=5, reform=0 pts
  - Expenses: <800=20pts, >1000=0pts

Mode: LIVE (will update scores)
Limit: 100 listings

Fetching listings from API...
Found 100 active listings


Writing scores to database...
Updated 1/200 scores...Updated 2/200 scores...Updated 3/200 scores...Updated 4/200 scores...Updated 5/200 scores...Updated 6/200 scores...Updated 7/200 scores...Updated 8/200 scores...Updated 9/200 scores...Updated 10/200 scores...Updated 11/200 scores...Updated 12/200 scores...Updated 13/200 scores...Updated 14/200 scores...Updated 15/200 scores...Updated 16/200 scores...Updated 17/200 scores...Updated 18/200 scores...Updated 19/200 scores...Updated 20/200 scores...Updated 21/200 scores...Updated 22/200 scores...Updated 23/200 scores...Updated 24/200 scores...Updated 25/200 scores...Updated 26/200 scores...Updated 27/200 scores...Updated 28/200 scores...Updated 29/200 scores...Updated 30/200 scores...Updated 31/200 scores...Updated 32/200 scores...Updated 33/200 scores...Updated 34/200 scores...Updated 35/200 scores...Updated 36/200 scores...Updated 37/200 scores...Updated 38/200 scores...Updated 39/200 scores...Updated 40/200 scores...Updated 41/200 scores...Updated 42/200 scores...Updated 43/200 scores...Updated 44/200 scores...Updated 45/200 scores...Updated 46/200 scores...Updated 47/200 scores...Updated 48/200 scores...Updated 49/200 scores...Updated 50/200 scores...Updated 51/200 scores...Updated 52/200 scores...Updated 53/200 scores...Updated 54/200 scores...Updated 55/200 scores...Updated 56/200 scores...Updated 57/200 scores...Updated 58/200 scores...Updated 59/200 scores...Updated 60/200 scores...Updated 61/200 scores...Updated 62/200 scores...Updated 63/200 scores...Updated 64/200 scores...Updated 65/200 scores...Updated 66/200 scores...Updated 67/200 scores...Updated 68/200 scores...Updated 69/200 scores...Updated 70/200 scores...Updated 71/200 scores...Updated 72/200 scores...Updated 73/200 scores...Updated 74/200 scores...Updated 75/200 scores...Updated 76/200 scores...Updated 77/200 scores...Updated 78/200 scores...Updated 79/200 scores...Updated 80/200 scores...Updated 81/200 scores...Updated 82/200 scores...Updated 83/200 scores...Updated 84/200 scores...Updated 85/200 scores...Updated 86/200 scores...Updated 87/200 scores...Updated 88/200 scores...Updated 89/200 scores...Updated 90/200 scores...Updated 91/200 scores...Updated 92/200 scores...Updated 93/200 scores...Updated 94/200 scores...Updated 95/200 scores...Updated 96/200 scores...Updated 97/200 scores...Updated 98/200 scores...Updated 99/200 scores...Updated 100/200 scores...Updated 101/200 scores...Updated 102/200 scores...Updated 103/200 scores...Updated 104/200 scores...Updated 105/200 scores...Updated 106/200 scores...Updated 107/200 scores...Updated 108/200 scores...Updated 109/200 scores...Updated 110/200 scores...Updated 111/200 scores...Updated 112/200 scores...Updated 113/200 scores...Updated 114/200 scores...Updated 115/200 scores...Updated 116/200 scores...Updated 117/200 scores...Updated 118/200 scores...Updated 119/200 scores...Updated 120/200 scores...Updated 121/200 scores...Updated 122/200 scores...Updated 123/200 scores...Updated 124/200 scores...Updated 125/200 scores...Updated 126/200 scores...Updated 127/200 scores...Updated 128/200 scores...Updated 129/200 scores...Updated 130/200 scores...Updated 131/200 scores...Updated 132/200 scores...Updated 133/200 scores...Updated 134/200 scores...Updated 135/200 scores...Updated 136/200 scores...Updated 137/200 scores...Updated 138/200 scores...Updated 139/200 scores...Updated 140/200 scores...Updated 141/200 scores...Updated 142/200 scores...Updated 143/200 scores...Updated 144/200 scores...Updated 145/200 scores...Updated 146/200 scores...Updated 147/200 scores...Updated 148/200 scores...Updated 149/200 scores...Updated 150/200 scores...Updated 151/200 scores...Updated 152/200 scores...Updated 153/200 scores...Updated 154/200 scores...Updated 155/200 scores...Updated 156/200 scores...Updated 157/200 scores...Updated 158/200 scores...Updated 159/200 scores...Updated 160/200 scores...Updated 161/200 scores...Updated 162/200 scores...Updated 163/200 scores...Updated 164/200 scores...Updated 165/200 scores...Updated 166/200 scores...Updated 167/200 scores...Updated 168/200 scores...Updated 169/200 scores...Updated 170/200 scores...Updated 171/200 scores...Updated 172/200 scores...Updated 173/200 scores...Updated 174/200 scores...Updated 175/200 scores...Updated 176/200 scores...Updated 177/200 scores...Updated 178/200 scores...Updated 179/200 scores...Updated 180/200 scores...Updated 181/200 scores...Updated 182/200 scores...Updated 183/200 scores...Updated 184/200 scores...Updated 185/200 scores...Updated 186/200 scores...Updated 187/200 scores...Updated 188/200 scores...Updated 189/200 scores...Updated 190/200 scores...Updated 191/200 scores...Updated 192/200 scores...Updated 193/200 scores...Updated 194/200 scores...Updated 195/200 scores...Updated 196/200 scores...Updated 197/200 scores...Updated 198/200 scores...Updated 199/200 scores...Updated 200/200 scores...
✅ Updated 200 scores in database


=== Results ===
Total listings processed: 100
Updated: 200
Skipped (errors): 0

=== Top 10 by Score ===
Rank | Score | Title | Neighborhood | Price | m²
--------------------------------------------------------------------------------
   1 |    90 | 3 pokoje w centrum miasta      | Stare Miasto    |    598,000 | 67
   2 |    90 | 3 pokoje w centrum miasta      | Stare Miasto    |    598,000 | 67
   3 |    85 | 2 przestronne pokoje do remont | N/A             |    560,000 | 70.1
   4 |    85 | 2 przestronne pokoje do remont | N/A             |    560,000 | 70.1
   5 |    83 | 2 pokoje z osobną kuchnią | Ka | Stare Miasto    |    541,574 | 52.58
   6 |    83 | 2 pokoje z osobną kuchnią | Ka | Stare Miasto    |    541,574 | 52.58
   7 |    82 | OKAZJA! 2 pokoje w centrum–świ | Stare Miasto    |    526,155 | 50.11
   8 |    82 | OKAZJA! 2 pokoje w centrum–świ | Stare Miasto    |    526,155 | 50.11
   9 |    82 | Okazja cenowa 2pokoje w centru | Stare Miasto    |    519,000 | 58
  10 |    82 | Okazja cenowa 2pokoje w centru | Stare Miasto    |    519,000 | 58

=== Score Distribution ===
90-100: █ (2)
80-89: ████ (10)
70-79: █████████████████ (40)
60-69: ████████████████████ (48)
50-59: ███████████████████ (46)
40-49: █████████████ (30)
0-39: ██████████ (24)

Scores saved to: /home/clawbot/.openclaw/workspace-flatscout/skills/scores.json
🗺️ Generating map...
✅ Mapa subido a GitHub.
✅ Pipeline completado.
================================================
🔄 FlatScout Map API Pipeline - 2026-03-17 18:00:13
📊 Running scorer...
=== FlatScout Scoring Script ===

Target: Fredry 9, Poznań (52.408417, 16.924583)
Scoring criteria:
  - Distance: 0-3km → 0-50 pts (closer = better)
  - Price/m²: <9000 = 20pts, >13000 = 0pts
  - Condition: new=10, used=5, reform=0 pts
  - Expenses: <800=20pts, >1000=0pts

Mode: LIVE (will update scores)
Limit: 100 listings

Fetching listings from API...
Found 100 active listings


Writing scores to API...
Updated 1/100 scores...Updated 2/100 scores...Updated 3/100 scores...Updated 4/100 scores...Updated 5/100 scores...Updated 6/100 scores...Updated 7/100 scores...Updated 8/100 scores...Updated 9/100 scores...Updated 10/100 scores...Updated 11/100 scores...Updated 12/100 scores...Updated 13/100 scores...Updated 14/100 scores...Updated 15/100 scores...Updated 16/100 scores...Updated 17/100 scores...Updated 18/100 scores...Updated 19/100 scores...Updated 20/100 scores...Updated 21/100 scores...Updated 22/100 scores...Updated 23/100 scores...Updated 24/100 scores...Updated 25/100 scores...Updated 26/100 scores...Updated 27/100 scores...Updated 28/100 scores...Updated 29/100 scores...Updated 30/100 scores...Updated 31/100 scores...Updated 32/100 scores...Updated 33/100 scores...Updated 34/100 scores...Updated 35/100 scores...Updated 36/100 scores...Updated 37/100 scores...Updated 38/100 scores...Updated 39/100 scores...Updated 40/100 scores...Updated 41/100 scores...Updated 42/100 scores...Updated 43/100 scores...Updated 44/100 scores...Updated 45/100 scores...Updated 46/100 scores...Updated 47/100 scores...Updated 48/100 scores...Updated 49/100 scores...Updated 50/100 scores...Updated 51/100 scores...Updated 52/100 scores...Updated 53/100 scores...Updated 54/100 scores...Updated 55/100 scores...Updated 56/100 scores...Updated 57/100 scores...Updated 58/100 scores...Updated 59/100 scores...Updated 60/100 scores...Updated 61/100 scores...Updated 62/100 scores...Updated 63/100 scores...Updated 64/100 scores...Updated 65/100 scores...Updated 66/100 scores...Updated 67/100 scores...Updated 68/100 scores...Updated 69/100 scores...Updated 70/100 scores...Updated 71/100 scores...Updated 72/100 scores...Updated 73/100 scores...Updated 74/100 scores...Updated 75/100 scores...Updated 76/100 scores...Updated 77/100 scores...Updated 78/100 scores...Updated 79/100 scores...Updated 80/100 scores...Updated 81/100 scores...Updated 82/100 scores...Updated 83/100 scores...Updated 84/100 scores...Updated 85/100 scores...Updated 86/100 scores...Updated 87/100 scores...Updated 88/100 scores...Updated 89/100 scores...Updated 90/100 scores...Updated 91/100 scores...Updated 92/100 scores...Updated 93/100 scores...Updated 94/100 scores...Updated 95/100 scores...Updated 96/100 scores...Updated 97/100 scores...Updated 98/100 scores...Updated 99/100 scores...Updated 100/100 scores...
✅ Updated 100 scores via API


=== Results ===
Total listings processed: 100
Updated: 100
Skipped (errors): 0

=== Top 10 by Score ===
Rank | Score | Title | Neighborhood | Price | m²
--------------------------------------------------------------------------------
   1 |    90 | 3 pokoje w centrum miasta      | Stare Miasto    |    598,000 | 67
   2 |    85 | 2 przestronne pokoje do remont | N/A             |    560,000 | 70.1
   3 |    83 | 2 pokoje z osobną kuchnią | Ka | Stare Miasto    |    541,574 | 52.58
   4 |    82 | OKAZJA! 2 pokoje w centrum–świ | Stare Miasto    |    526,155 | 50.11
   5 |    79 | Poddasze -Nietuzinkowe mieszka | Stare Miasto    |    519,000 | 51
   6 |    77 | Ciche, dwupokojowe mieszkanie, | Stare Miasto    |    615,000 | 57.02
   7 |    77 | Centrum, Garbary 48 mkw 2 poko | Centrum         |    459,000 | 48
   8 |    77 | Obszerne klimatyczne poddasze  | Jeżyce          |    533,000 | 97.29
   9 |    76 | Klimatyczne mieszkanie w samym | Stare Miasto    |    635,000 | 40
  10 |    76 | Mieszkanie, 56 m2, Poznań, ści | Stare Miasto    |    640,000 | 56

=== Score Distribution ===
90-100: █ (1)
80-89: ██ (3)
70-79: ███████████████ (19)
60-69: ██████████████████ (22)
50-59: ████████████████████ (25)
40-49: ██████████████ (17)
0-39: ██████████ (13)

Scores saved to: /home/clawbot/.openclaw/workspace-flatscout/skills/scores.json
🗺️ Generating map...
✅ Mapa subido a GitHub.
✅ Pipeline completado.
================================================
🔄 FlatScout Map API Pipeline - 2026-03-17 18:15:04
📊 Running scorer...
=== FlatScout Scoring Script ===

Target: Fredry 9, Poznań (52.408417, 16.924583)
Scoring criteria:
  - Distance: 0-3km → 0-50 pts (closer = better)
  - Price/m²: <9000 = 20pts, >13000 = 0pts
  - Condition: new=10, used=5, reform=0 pts
  - Expenses: <800=20pts, >1000=0pts

Mode: LIVE (will update scores)
Limit: 100 listings

Fetching listings from API...
Found 100 active listings


Writing scores to API...
Updated 1/100 scores...Updated 2/100 scores...Updated 3/100 scores...Updated 4/100 scores...Updated 5/100 scores...Updated 6/100 scores...Updated 7/100 scores...Updated 8/100 scores...Updated 9/100 scores...Updated 10/100 scores...Updated 11/100 scores...Updated 12/100 scores...Updated 13/100 scores...Updated 14/100 scores...Updated 15/100 scores...Updated 16/100 scores...Updated 17/100 scores...Updated 18/100 scores...Updated 19/100 scores...Updated 20/100 scores...Updated 21/100 scores...Updated 22/100 scores...Updated 23/100 scores...Updated 24/100 scores...Updated 25/100 scores...Updated 26/100 scores...Updated 27/100 scores...Updated 28/100 scores...Updated 29/100 scores...Updated 30/100 scores...Updated 31/100 scores...Updated 32/100 scores...Updated 33/100 scores...Updated 34/100 scores...Updated 35/100 scores...Updated 36/100 scores...Updated 37/100 scores...Updated 38/100 scores...Updated 39/100 scores...Updated 40/100 scores...Updated 41/100 scores...Updated 42/100 scores...Updated 43/100 scores...Updated 44/100 scores...Updated 45/100 scores...Updated 46/100 scores...Updated 47/100 scores...Updated 48/100 scores...Updated 49/100 scores...Updated 50/100 scores...Updated 51/100 scores...Updated 52/100 scores...Updated 53/100 scores...Updated 54/100 scores...Updated 55/100 scores...Updated 56/100 scores...Updated 57/100 scores...Updated 58/100 scores...Updated 59/100 scores...Updated 60/100 scores...Updated 61/100 scores...Updated 62/100 scores...Updated 63/100 scores...Updated 64/100 scores...Updated 65/100 scores...Updated 66/100 scores...Updated 67/100 scores...Updated 68/100 scores...Updated 69/100 scores...Updated 70/100 scores...Updated 71/100 scores...Updated 72/100 scores...Updated 73/100 scores...Updated 74/100 scores...Updated 75/100 scores...Updated 76/100 scores...Updated 77/100 scores...Updated 78/100 scores...Updated 79/100 scores...Updated 80/100 scores...Updated 81/100 scores...Updated 82/100 scores...Updated 83/100 scores...Updated 84/100 scores...Updated 85/100 scores...Updated 86/100 scores...Updated 87/100 scores...Updated 88/100 scores...Updated 89/100 scores...Updated 90/100 scores...Updated 91/100 scores...Updated 92/100 scores...Updated 93/100 scores...Updated 94/100 scores...Updated 95/100 scores...Updated 96/100 scores...Updated 97/100 scores...Updated 98/100 scores...Updated 99/100 scores...Updated 100/100 scores...
✅ Updated 100 scores via API


=== Results ===
Total listings processed: 100
Updated: 100
Skipped (errors): 0

=== Top 10 by Score ===
Rank | Score | Title | Neighborhood | Price | m²
--------------------------------------------------------------------------------
   1 |    90 | 3 pokoje w centrum miasta      | Stare Miasto    |    598,000 | 67
   2 |    85 | 2 przestronne pokoje do remont | N/A             |    560,000 | 70.1
   3 |    83 | 2 pokoje z osobną kuchnią | Ka | Stare Miasto    |    541,574 | 52.58
   4 |    82 | OKAZJA! 2 pokoje w centrum–świ | Stare Miasto    |    526,155 | 50.11
   5 |    79 | Poddasze -Nietuzinkowe mieszka | Stare Miasto    |    519,000 | 51
   6 |    77 | Ciche, dwupokojowe mieszkanie, | Stare Miasto    |    615,000 | 57.02
   7 |    77 | Centrum, Garbary 48 mkw 2 poko | Centrum         |    459,000 | 48
   8 |    77 | Obszerne klimatyczne poddasze  | Jeżyce          |    533,000 | 97.29
   9 |    76 | Klimatyczne mieszkanie w samym | Stare Miasto    |    635,000 | 40
  10 |    76 | Mieszkanie, 56 m2, Poznań, ści | Stare Miasto    |    640,000 | 56

=== Score Distribution ===
90-100: █ (1)
80-89: ██ (3)
70-79: ███████████████ (19)
60-69: ██████████████████ (22)
50-59: ████████████████████ (25)
40-49: ██████████████ (17)
0-39: ██████████ (13)

Scores saved to: /home/clawbot/.openclaw/workspace-flatscout/skills/scores.json
🗺️ Generating map...
✅ Mapa subido a GitHub.
✅ Pipeline completado.
================================================
🔄 FlatScout Map API Pipeline - 2026-03-17 18:30:08
📊 Running scorer...
=== FlatScout Scoring Script ===

Target: Fredry 9, Poznań (52.408417, 16.924583)
Scoring criteria:
  - Distance: 0-3km → 0-50 pts (closer = better)
  - Price/m²: <9000 = 20pts, >13000 = 0pts
  - Condition: new=10, used=5, reform=0 pts
  - Expenses: <800=20pts, >1000=0pts

Mode: LIVE (will update scores)
Limit: 100 listings

Fetching listings from API...
Found 100 active listings


Writing scores to API...
Updated 1/100 scores...Updated 2/100 scores...Updated 3/100 scores...Updated 4/100 scores...Updated 5/100 scores...Updated 6/100 scores...Updated 7/100 scores...Updated 8/100 scores...Updated 9/100 scores...Updated 10/100 scores...Updated 11/100 scores...Updated 12/100 scores...Updated 13/100 scores...Updated 14/100 scores...Updated 15/100 scores...Updated 16/100 scores...Updated 17/100 scores...Updated 18/100 scores...Updated 19/100 scores...Updated 20/100 scores...Updated 21/100 scores...Updated 22/100 scores...Updated 23/100 scores...Updated 24/100 scores...Updated 25/100 scores...Updated 26/100 scores...Updated 27/100 scores...Updated 28/100 scores...Updated 29/100 scores...Updated 30/100 scores...Updated 31/100 scores...Updated 32/100 scores...Updated 33/100 scores...Updated 34/100 scores...Updated 35/100 scores...Updated 36/100 scores...Updated 37/100 scores...Updated 38/100 scores...Updated 39/100 scores...Updated 40/100 scores...Updated 41/100 scores...Updated 42/100 scores...Updated 43/100 scores...Updated 44/100 scores...Updated 45/100 scores...Updated 46/100 scores...Updated 47/100 scores...Updated 48/100 scores...Updated 49/100 scores...Updated 50/100 scores...Updated 51/100 scores...Updated 52/100 scores...Updated 53/100 scores...Updated 54/100 scores...Updated 55/100 scores...Updated 56/100 scores...Updated 57/100 scores...Updated 58/100 scores...Updated 59/100 scores...Updated 60/100 scores...Updated 61/100 scores...Updated 62/100 scores...Updated 63/100 scores...Updated 64/100 scores...Updated 65/100 scores...Updated 66/100 scores...Updated 67/100 scores...Updated 68/100 scores...Updated 69/100 scores...Updated 70/100 scores...Updated 71/100 scores...Updated 72/100 scores...Updated 73/100 scores...Updated 74/100 scores...Updated 75/100 scores...Updated 76/100 scores...Updated 77/100 scores...Updated 78/100 scores...Updated 79/100 scores...Updated 80/100 scores...Updated 81/100 scores...Updated 82/100 scores...Updated 83/100 scores...Updated 84/100 scores...Updated 85/100 scores...Updated 86/100 scores...Updated 87/100 scores...Updated 88/100 scores...Updated 89/100 scores...Updated 90/100 scores...Updated 91/100 scores...Updated 92/100 scores...Updated 93/100 scores...Updated 94/100 scores...Updated 95/100 scores...Updated 96/100 scores...Updated 97/100 scores...Updated 98/100 scores...Updated 99/100 scores...Updated 100/100 scores...
✅ Updated 100 scores via API


=== Results ===
Total listings processed: 100
Updated: 100
Skipped (errors): 0

=== Top 10 by Score ===
Rank | Score | Title | Neighborhood | Price | m²
--------------------------------------------------------------------------------
   1 |    90 | 3 pokoje w centrum miasta      | Stare Miasto    |    598,000 | 67
   2 |    85 | 2 przestronne pokoje do remont | N/A             |    560,000 | 70.1
   3 |    83 | 2 pokoje z osobną kuchnią | Ka | Stare Miasto    |    541,574 | 52.58
   4 |    82 | OKAZJA! 2 pokoje w centrum–świ | Stare Miasto    |    526,155 | 50.11
   5 |    79 | Poddasze -Nietuzinkowe mieszka | Stare Miasto    |    519,000 | 51
   6 |    77 | Ciche, dwupokojowe mieszkanie, | Stare Miasto    |    615,000 | 57.02
   7 |    77 | Centrum, Garbary 48 mkw 2 poko | Centrum         |    459,000 | 48
   8 |    77 | Obszerne klimatyczne poddasze  | Jeżyce          |    533,000 | 97.29
   9 |    76 | Klimatyczne mieszkanie w samym | Stare Miasto    |    635,000 | 40
  10 |    76 | Mieszkanie, 56 m2, Poznań, ści | Stare Miasto    |    640,000 | 56

=== Score Distribution ===
90-100: █ (1)
80-89: ██ (3)
70-79: ███████████████ (19)
60-69: ██████████████████ (22)
50-59: ████████████████████ (25)
40-49: ██████████████ (17)
0-39: ██████████ (13)

Scores saved to: /home/clawbot/.openclaw/workspace-flatscout/skills/scores.json
🗺️ Generating map...
✅ Mapa subido a GitHub.
✅ Pipeline completado.
================================================
🔄 FlatScout GitHub Pipeline - 2026-03-17 18:40:33
✅ Mapa subido a GitHub.
✅ Pipeline completado.
================================================
🔄 FlatScout GitHub Pipeline - 2026-03-17 18:43:17
✅ Mapa subido a GitHub.
✅ Pipeline completado.
================================================
🔄 FlatScout Map API Pipeline - 2026-03-17 18:45:09
📊 Running scorer...
=== FlatScout Scoring Script ===

Target: Fredry 9, Poznań (52.408417, 16.924583)
Scoring criteria:
  - Distance: 0-3km → 0-50 pts (closer = better)
  - Price/m²: <9000 = 20pts, >13000 = 0pts
  - Condition: new=10, used=5, reform=0 pts
  - Expenses: <800=20pts, >1000=0pts

Mode: LIVE (will update scores)
Limit: 100 listings

Fetching listings from API...
Found 100 active listings


Writing scores to API...
Updated 1/100 scores...Updated 2/100 scores...Updated 3/100 scores...Updated 4/100 scores...Updated 5/100 scores...Updated 6/100 scores...Updated 7/100 scores...Updated 8/100 scores...Updated 9/100 scores...Updated 10/100 scores...Updated 11/100 scores...Updated 12/100 scores...Updated 13/100 scores...Updated 14/100 scores...Updated 15/100 scores...Updated 16/100 scores...Updated 17/100 scores...Updated 18/100 scores...Updated 19/100 scores...Updated 20/100 scores...Updated 21/100 scores...Updated 22/100 scores...Updated 23/100 scores...Updated 24/100 scores...Updated 25/100 scores...Updated 26/100 scores...Updated 27/100 scores...Updated 28/100 scores...Updated 29/100 scores...Updated 30/100 scores...Updated 31/100 scores...Updated 32/100 scores...Updated 33/100 scores...Updated 34/100 scores...Updated 35/100 scores...Updated 36/100 scores...Updated 37/100 scores...Updated 38/100 scores...Updated 39/100 scores...Updated 40/100 scores...Updated 41/100 scores...Updated 42/100 scores...Updated 43/100 scores...Updated 44/100 scores...Updated 45/100 scores...Updated 46/100 scores...Updated 47/100 scores...Updated 48/100 scores...Updated 49/100 scores...Updated 50/100 scores...Updated 51/100 scores...Updated 52/100 scores...Updated 53/100 scores...Updated 54/100 scores...Updated 55/100 scores...Updated 56/100 scores...Updated 57/100 scores...Updated 58/100 scores...Updated 59/100 scores...Updated 60/100 scores...Updated 61/100 scores...Updated 62/100 scores...Updated 63/100 scores...Updated 64/100 scores...Updated 65/100 scores...Updated 66/100 scores...Updated 67/100 scores...Updated 68/100 scores...Updated 69/100 scores...Updated 70/100 scores...Updated 71/100 scores...Updated 72/100 scores...Updated 73/100 scores...Updated 74/100 scores...Updated 75/100 scores...Updated 76/100 scores...Updated 77/100 scores...Updated 78/100 scores...Updated 79/100 scores...Updated 80/100 scores...Updated 81/100 scores...Updated 82/100 scores...Updated 83/100 scores...Updated 84/100 scores...Updated 85/100 scores...Updated 86/100 scores...Updated 87/100 scores...Updated 88/100 scores...Updated 89/100 scores...Updated 90/100 scores...Updated 91/100 scores...Updated 92/100 scores...Updated 93/100 scores...Updated 94/100 scores...Updated 95/100 scores...Updated 96/100 scores...Updated 97/100 scores...Updated 98/100 scores...Updated 99/100 scores...Updated 100/100 scores...
✅ Updated 100 scores via API


=== Results ===
Total listings processed: 100
Updated: 100
Skipped (errors): 0

=== Top 10 by Score ===
Rank | Score | Title | Neighborhood | Price | m²
--------------------------------------------------------------------------------
   1 |    90 | 3 pokoje w centrum miasta      | Stare Miasto    |    598,000 | 67
   2 |    85 | 2 przestronne pokoje do remont | N/A             |    560,000 | 70.1
   3 |    83 | 2 pokoje z osobną kuchnią | Ka | Stare Miasto    |    541,574 | 52.58
   4 |    82 | OKAZJA! 2 pokoje w centrum–świ | Stare Miasto    |    526,155 | 50.11
   5 |    79 | Poddasze -Nietuzinkowe mieszka | Stare Miasto    |    519,000 | 51
   6 |    77 | Ciche, dwupokojowe mieszkanie, | Stare Miasto    |    615,000 | 57.02
   7 |    77 | Centrum, Garbary 48 mkw 2 poko | Centrum         |    459,000 | 48
   8 |    77 | Obszerne klimatyczne poddasze  | Jeżyce          |    533,000 | 97.29
   9 |    76 | Klimatyczne mieszkanie w samym | Stare Miasto    |    635,000 | 40
  10 |    76 | Mieszkanie, 56 m2, Poznań, ści | Stare Miasto    |    640,000 | 56

=== Score Distribution ===
90-100: █ (1)
80-89: ██ (3)
70-79: ███████████████ (19)
60-69: ██████████████████ (22)
50-59: ████████████████████ (25)
40-49: ██████████████ (17)
0-39: ██████████ (13)

Scores saved to: /home/clawbot/.openclaw/workspace-flatscout/skills/scores.json
🗺️ Generating map...
✅ Mapa subido a GitHub.
✅ Pipeline completado.
================================================
🔄 FlatScout GitHub Pipeline - 2026-03-17 18:47:22
✅ Mapa subido a GitHub.
✅ Pipeline completado.
================================================
🔄 FlatScout Map API Pipeline - 2026-03-17 18:50:12
📊 Running scorer...
=== FlatScout Scoring Script ===

Target: Fredry 9, Poznań (52.408417, 16.924583)
Scoring criteria:
  - Distance: 0-3km → 0-50 pts (closer = better)
  - Price/m²: <9000 = 20pts, >13000 = 0pts
  - Condition: new=10, used=5, reform=0 pts
  - Expenses: <800=20pts, >1000=0pts

Mode: LIVE (will update scores)
Limit: 100 listings

Fetching listings from API...
Found 100 active listings


Writing scores to API...
Updated 1/100 scores...Updated 2/100 scores...Updated 3/100 scores...Updated 4/100 scores...Updated 5/100 scores...Updated 6/100 scores...Updated 7/100 scores...Updated 8/100 scores...Updated 9/100 scores...Updated 10/100 scores...Updated 11/100 scores...Updated 12/100 scores...Updated 13/100 scores...Updated 14/100 scores...Updated 15/100 scores...Updated 16/100 scores...Updated 17/100 scores...Updated 18/100 scores...Updated 19/100 scores...Updated 20/100 scores...Updated 21/100 scores...Updated 22/100 scores...Updated 23/100 scores...Updated 24/100 scores...Updated 25/100 scores...Updated 26/100 scores...Updated 27/100 scores...Updated 28/100 scores...Updated 29/100 scores...Updated 30/100 scores...Updated 31/100 scores...Updated 32/100 scores...Updated 33/100 scores...Updated 34/100 scores...Updated 35/100 scores...Updated 36/100 scores...Updated 37/100 scores...Updated 38/100 scores...Updated 39/100 scores...Updated 40/100 scores...Updated 41/100 scores...Updated 42/100 scores...Updated 43/100 scores...Updated 44/100 scores...Updated 45/100 scores...Updated 46/100 scores...Updated 47/100 scores...Updated 48/100 scores...Updated 49/100 scores...Updated 50/100 scores...Updated 51/100 scores...Updated 52/100 scores...Updated 53/100 scores...Updated 54/100 scores...Updated 55/100 scores...Updated 56/100 scores...Updated 57/100 scores...Updated 58/100 scores...Updated 59/100 scores...Updated 60/100 scores...Updated 61/100 scores...Updated 62/100 scores...Updated 63/100 scores...Updated 64/100 scores...Updated 65/100 scores...Updated 66/100 scores...Updated 67/100 scores...Updated 68/100 scores...Updated 69/100 scores...Updated 70/100 scores...Updated 71/100 scores...Updated 72/100 scores...Updated 73/100 scores...Updated 74/100 scores...Updated 75/100 scores...Updated 76/100 scores...Updated 77/100 scores...Updated 78/100 scores...Updated 79/100 scores...Updated 80/100 scores...Updated 81/100 scores...Updated 82/100 scores...Updated 83/100 scores...Updated 84/100 scores...Updated 85/100 scores...Updated 86/100 scores...Updated 87/100 scores...Updated 88/100 scores...Updated 89/100 scores...Updated 90/100 scores...Updated 91/100 scores...Updated 92/100 scores...Updated 93/100 scores...Updated 94/100 scores...Updated 95/100 scores...Updated 96/100 scores...Updated 97/100 scores...Updated 98/100 scores...Updated 99/100 scores...Updated 100/100 scores...
✅ Updated 100 scores via API


=== Results ===
Total listings processed: 100
Updated: 100
Skipped (errors): 0

=== Top 10 by Score ===
Rank | Score | Title | Neighborhood | Price | m²
--------------------------------------------------------------------------------
   1 |    90 | 3 pokoje w centrum miasta      | Stare Miasto    |    598,000 | 67
   2 |    85 | 2 przestronne pokoje do remont | N/A             |    560,000 | 70.1
   3 |    83 | 2 pokoje z osobną kuchnią | Ka | Stare Miasto    |    541,574 | 52.58
   4 |    82 | OKAZJA! 2 pokoje w centrum–świ | Stare Miasto    |    526,155 | 50.11
   5 |    79 | Poddasze -Nietuzinkowe mieszka | Stare Miasto    |    519,000 | 51
   6 |    77 | Ciche, dwupokojowe mieszkanie, | Stare Miasto    |    615,000 | 57.02
   7 |    77 | Centrum, Garbary 48 mkw 2 poko | Centrum         |    459,000 | 48
   8 |    77 | Obszerne klimatyczne poddasze  | Jeżyce          |    533,000 | 97.29
   9 |    76 | Klimatyczne mieszkanie w samym | Stare Miasto    |    635,000 | 40
  10 |    76 | Mieszkanie, 56 m2, Poznań, ści | Stare Miasto    |    640,000 | 56

=== Score Distribution ===
90-100: █ (1)
80-89: ██ (3)
70-79: ███████████████ (19)
60-69: ██████████████████ (22)
50-59: ████████████████████ (25)
40-49: ██████████████ (17)
0-39: ██████████ (13)

Scores saved to: /home/clawbot/.openclaw/workspace-flatscout/skills/scores.json
🗺️ Generating map...
✅ Mapa subido a GitHub.
✅ Pipeline completado.
